INFO  2025-05-23 15:20:40.234 [background-preinit] o.h.validator.internal.util.Version - HV000001: Hibernate Validator 8.0.2.Final
INFO  2025-05-23 15:20:40.306 [restartedMain] c.d.it.dsc.pigeon.PigeonApplication - Starting PigeonApplication using Java 17.0.15 with PID 6288 (C:\Users\KUSHWPR\OneDrive - Daimler Truck\Desktop\pradeep\pigeon\pigeon\target\classes started by KUSHWPR in C:\Users\KUSHWPR\OneDrive - Daimler Truck\Desktop\pradeep\pigeon\pigeon)
INFO  2025-05-23 15:20:40.308 [restartedMain] c.d.it.dsc.pigeon.PigeonApplication - The following 1 profile is active: "dev"
INFO  2025-05-23 15:20:40.369 [restartedMain] o.s.b.d.e.DevToolsPropertyDefaultsPostProcessor - Devtools property defaults active! Set 'spring.devtools.add-properties' to 'false' to disable
INFO  2025-05-23 15:20:40.369 [restartedMain] o.s.b.d.e.DevToolsPropertyDefaultsPostProcessor - For additional web related logging consider setting the 'logging.level.web' property to 'DEBUG'
INFO  2025-05-23 15:20:40.394 [restartedMain] o.s.b.d.c.l.DockerComposeLifecycleManager - Using Docker Compose file C:\Users\KUSHWPR\OneDrive - Daimler Truck\Desktop\pradeep\pigeon\pigeon\compose.yaml
INFO  2025-05-23 15:20:41.659 [OutputReader-stderr] o.s.b.docker.compose.core.DockerCli -  Container pigeon-mongodb-1  Created
INFO  2025-05-23 15:20:41.673 [OutputReader-stderr] o.s.b.docker.compose.core.DockerCli -  Container pigeon-mongodb-1  Starting
INFO  2025-05-23 15:20:41.877 [OutputReader-stderr] o.s.b.docker.compose.core.DockerCli -  Container pigeon-mongodb-1  Started
INFO  2025-05-23 15:20:41.878 [OutputReader-stderr] o.s.b.docker.compose.core.DockerCli -  Container pigeon-mongodb-1  Waiting
INFO  2025-05-23 15:20:42.385 [OutputReader-stderr] o.s.b.docker.compose.core.DockerCli -  Container pigeon-mongodb-1  Healthy
INFO  2025-05-23 15:20:44.872 [restartedMain] o.s.d.r.c.RepositoryConfigurationDelegate - Bootstrapping Spring Data MongoDB repositories in DEFAULT mode.
INFO  2025-05-23 15:20:45.013 [restartedMain] o.s.d.r.c.RepositoryConfigurationDelegate - Finished Spring Data repository scanning in 135 ms. Found 1 MongoDB repository interface.
INFO  2025-05-23 15:20:45.569 [restartedMain] org.mongodb.driver.client - MongoClient with metadata {"driver": {"name": "mongo-java-driver|sync|spring-boot", "version": "5.4.0"}, "os": {"type": "Windows", "name": "Windows 11", "architecture": "amd64", "version": "10.0"}, "platform": "Java/Microsoft/17.0.15+6-LTS"} created with settings MongoClientSettings{readPreference=primary, writeConcern=WriteConcern{w=null, wTimeout=null ms, journal=null}, retryWrites=true, retryReads=true, readConcern=ReadConcern{level=null}, credential=MongoCredential{mechanism=null, userName='root', source='admin', password=<hidden>, mechanismProperties=<hidden>}, transportSettings=null, commandListeners=[], codecRegistry=ProvidersCodecRegistry{codecProviders=[ValueCodecProvider{}, BsonValueCodecProvider{}, DBRefCodecProvider{}, DBObjectCodecProvider{}, DocumentCodecProvider{}, CollectionCodecProvider{}, IterableCodecProvider{}, MapCodecProvider{}, GeoJsonCodecProvider{}, GridFSFileCodecProvider{}, Jsr310CodecProvider{}, JsonObjectCodecProvider{}, BsonCodecProvider{}, EnumCodecProvider{}, com.mongodb.client.model.mql.ExpressionCodecProvider@446eb28, com.mongodb.Jep395RecordCodecProvider@400eb322, com.mongodb.KotlinCodecProvider@41e73605]}, loggerSettings=LoggerSettings{maxDocumentLength=1000}, clusterSettings={hosts=[127.0.0.1:64826], srvServiceName=mongodb, mode=SINGLE, requiredClusterType=UNKNOWN, requiredReplicaSetName='null', serverSelector='null', clusterListeners='[]', serverSelectionTimeout='30000 ms', localThreshold='15 ms'}, socketSettings=SocketSettings{connectTimeoutMS=10000, readTimeoutMS=0, receiveBufferSize=0, proxySettings=ProxySettings{host=null, port=null, username=null, password=null}}, heartbeatSocketSettings=SocketSettings{connectTimeoutMS=10000, readTimeoutMS=10000, receiveBufferSize=0, proxySettings=ProxySettings{host=null, port=null, username=null, password=null}}, connectionPoolSettings=ConnectionPoolSettings{maxSize=100, minSize=0, maxWaitTimeMS=120000, maxConnectionLifeTimeMS=0, maxConnectionIdleTimeMS=0, maintenanceInitialDelayMS=0, maintenanceFrequencyMS=60000, connectionPoolListeners=[], maxConnecting=2}, serverSettings=ServerSettings{heartbeatFrequencyMS=10000, minHeartbeatFrequencyMS=500, serverMonitoringMode=AUTO, serverListeners='[]', serverMonitorListeners='[]'}, sslSettings=SslSettings{enabled=false, invalidHostNameAllowed=false, context=null}, applicationName='null', compressorList=[], uuidRepresentation=JAVA_LEGACY, serverApi=null, autoEncryptionSettings=null, dnsClient=null, inetAddressResolver=null, contextProvider=null, timeoutMS=null}
INFO  2025-05-23 15:20:45.583 [cluster-ClusterId{value='683044f5c67f610fc5bd8292', description='null'}-127.0.0.1:64826] org.mongodb.driver.cluster - Monitor thread successfully connected to server with description ServerDescription{address=127.0.0.1:64826, type=STANDALONE, cryptd=false, state=CONNECTED, ok=true, minWireVersion=0, maxWireVersion=25, maxDocumentSize=16777216, logicalSessionTimeoutMinutes=30, roundTripTimeNanos=29215600, minRoundTripTimeNanos=0}
WARN  2025-05-23 15:20:45.648 [restartedMain] o.s.data.convert.CustomConversions - Registering converter from interface java.util.List to interface org.springframework.data.domain.Vector as reading converter although it doesn't convert from a store-supported type; You might want to check your annotation setup at the converter implementation
WARN  2025-05-23 15:20:45.767 [restartedMain] o.s.data.convert.CustomConversions - Registering converter from interface java.util.List to interface org.springframework.data.domain.Vector as reading converter although it doesn't convert from a store-supported type; You might want to check your annotation setup at the converter implementation
INFO  2025-05-23 15:20:46.259 [restartedMain] o.s.b.w.e.tomcat.TomcatWebServer - Tomcat initialized with port 8084 (http)
INFO  2025-05-23 15:20:46.273 [restartedMain] o.a.coyote.http11.Http11NioProtocol - Initializing ProtocolHandler ["http-nio-8084"]
INFO  2025-05-23 15:20:46.275 [restartedMain] o.a.catalina.core.StandardService - Starting service [Tomcat]
INFO  2025-05-23 15:20:46.275 [restartedMain] o.a.catalina.core.StandardEngine - Starting Servlet engine: [Apache Tomcat/10.1.41]
INFO  2025-05-23 15:20:46.343 [restartedMain] o.a.c.c.C.[Tomcat].[localhost].[/] - Initializing Spring embedded WebApplicationContext
INFO  2025-05-23 15:20:46.344 [restartedMain] o.s.b.w.s.c.ServletWebServerApplicationContext - Root WebApplicationContext: initialization completed in 2194 ms
INFO  2025-05-23 15:20:46.417 [restartedMain] o.s.b.d.a.OptionalLiveReloadServer - LiveReload server is running on port 35729
ERROR 2025-05-23 15:20:46.451 [restartedMain] c.d.i.d.p.k.c.Kafka_P_And_C_Config - Error In Producer Factory Configuration While Starting the Kafka Producer Factory Config.
ERROR 2025-05-23 15:20:46.518 [restartedMain] c.d.i.d.p.k.c.Kafka_P_And_C_Config - Error In Consumer Factory Configuration While Starting the Kafka Consumer Factory Config.
WARN  2025-05-23 15:20:47.442 [restartedMain] i.l.g.m.s.q.AnnotatedArgumentBuilder - No explicit argument name given and the parameter name lost in compilation: public static boolean org.bson.types.ObjectId.isValid(java.lang.String)#java.lang.String arg0. For details and possible solutions see https://github.com/leangen/graphql-spqr/wiki/Errors#missing-argument-name
INFO  2025-05-23 15:20:47.901 [restartedMain] o.a.coyote.http11.Http11NioProtocol - Starting ProtocolHandler ["http-nio-8084"]
INFO  2025-05-23 15:20:47.932 [restartedMain] o.s.b.w.e.tomcat.TomcatWebServer - Tomcat started on port 8084 (http) with context path '/'
INFO  2025-05-23 15:20:47.944 [restartedMain] c.d.it.dsc.pigeon.PigeonApplication - Started PigeonApplication in 8.396 seconds (process running for 8.951)
INFO  2025-05-23 15:22:41.508 [SpringApplicationShutdownHook] o.s.b.w.e.tomcat.GracefulShutdown - Commencing graceful shutdown. Waiting for active requests to complete
INFO  2025-05-23 15:22:41.688 [tomcat-shutdown] o.s.b.w.e.tomcat.GracefulShutdown - Graceful shutdown complete
